<?xml version="1.0" encoding="UTF-8"?>
<!-- Generated by org.testng.reporters.JUnitXMLReporter -->
<testsuite ignored="0" hostname="DESKTOP-7UM9J9E" failures="1" tests="4" name="Test" time="65.008" errors="0" timestamp="05 Sep 2019 04:35:31 GMT">
  <testcase classname="com.qaclick.FinalProject.LandingValidateText" name="validateText" time="0.059">
    <failure type="java.lang.AssertionError" message="expected [FEATURED COURSEs] but found [FEATURED COURSES]">
      <![CDATA[java.lang.AssertionError: expected [FEATURED COURSEs] but found [FEATURED COURSES]
at com.qaclick.FinalProject.LandingValidateText.validateText(LandingValidateText.java:30)
... Removed 31 stack frames]]>
    </failure>
  </testcase> <!-- validateText -->
  <testcase classname="com.qaclick.FinalProject.LandingValidateMenu" name="validateMenu" time="0.079"/>
  <testcase classname="com.qaclick.FinalProject.LoginTest" name="loginTesting" time="20.614"/>
  <testcase classname="com.qaclick.FinalProject.LoginTest" name="loginTesting" time="5.776"/>
</testsuite> <!-- Test -->
