<?xml version="1.0" encoding="UTF-8"?>
<testsuite xmlns:xsi="http://www.w3.org/2001/XMLSchema-instance" xsi:noNamespaceSchemaLocation="https://maven.apache.org/surefire/maven-surefire-plugin/xsd/surefire-test-report.xsd" name="TestSuite" time="50.124" tests="1" errors="0" skipped="0" failures="1">
  <properties>
[...]
</properties>
  <testcase name="feature" classname="CucumberOptions.RunCucumberTest" time="47.519">
    <failure message="org.openqa.selenium.NoSuchElementException: no such element: Unable to locate element: {&quot;method&quot;:&quot;css selector&quot;,&quot;selector&quot;:&quot;#search\-courses&quot;}&#10;  (Session info: chrome=77.0.3865.90)&#10;For documentation on this error, please visit: https://www.seleniumhq.org/exceptions/no_such_element.html&#10;Build info: version: &apos;3.141.59&apos;, revision: &apos;e82be7d358&apos;, time: &apos;2018-11-14T08:17:03&apos;&#10;System info: host: &apos;DESKTOP-7UM9J9E&apos;, ip: &apos;192.168.1.13&apos;, os.name: &apos;Windows 10&apos;, os.arch: &apos;amd64&apos;, os.version: &apos;10.0&apos;, java.version: &apos;11.0.4&apos;&#10;Driver info: org.openqa.selenium.chrome.ChromeDriver&#10;Capabilities {acceptInsecureCerts: false, browserName: chrome, browserVersion: 77.0.3865.90, chrome: {chromedriverVersion: 76.0.3809.68 (420c9498db8ce..., userDataDir: C:\Users\Admin\AppData\Loca...}, goog:chromeOptions: {debuggerAddress: localhost:55132}, javascriptEnabled: true, networkConnectionEnabled: false, pageLoadStrategy: normal, platform: XP, platformName: XP, proxy: Proxy(), setWindowRect: true, strictFileInteractability: false, timeouts: {implicit: 0, pageLoad: 300000, script: 30000}, unhandledPromptBehavior: dismiss and notify}&#10;Session ID: 90c878e2941282e4a974146485b23835&#10;*** Element info: {Using=id, value=search-courses}" type="cucumber.runtime.CucumberException">cucumber.runtime.CucumberException: 
org.openqa.selenium.NoSuchElementException: no such element: Unable to locate element: {"method":"css selector","selector":"#search\-courses"}
  (Session info: chrome=77.0.3865.90)
For documentation on this error, please visit: https://www.seleniumhq.org/exceptions/no_such_element.html
Build info: version: '3.141.59', revision: 'e82be7d358', time: '2018-11-14T08:17:03'
System info: host: 'DESKTOP-7UM9J9E', ip: '192.168.1.13', os.name: 'Windows 10', os.arch: 'amd64', os.version: '10.0', java.version: '11.0.4'
Driver info: org.openqa.selenium.chrome.ChromeDriver
Capabilities {acceptInsecureCerts: false, browserName: chrome, browserVersion: 77.0.3865.90, chrome: {chromedriverVersion: 76.0.3809.68 (420c9498db8ce..., userDataDir: C:\Users\Admin\AppData\Loca...}, goog:chromeOptions: {debuggerAddress: localhost:55132}, javascriptEnabled: true, networkConnectionEnabled: false, pageLoadStrategy: normal, platform: XP, platformName: XP, proxy: Proxy(), setWindowRect: true, strictFileInteractability: false, timeouts: {implicit: 0, pageLoad: 300000, script: 30000}, unhandledPromptBehavior: dismiss and notify}
Session ID: 90c878e2941282e4a974146485b23835
*** Element info: {Using=id, value=search-courses}
Caused by: org.openqa.selenium.NoSuchElementException: 
no such element: Unable to locate element: {"method":"css selector","selector":"#search\-courses"}
  (Session info: chrome=77.0.3865.90)
For documentation on this error, please visit: https://www.seleniumhq.org/exceptions/no_such_element.html
Build info: version: '3.141.59', revision: 'e82be7d358', time: '2018-11-14T08:17:03'
System info: host: 'DESKTOP-7UM9J9E', ip: '192.168.1.13', os.name: 'Windows 10', os.arch: 'amd64', os.version: '10.0', java.version: '11.0.4'
Driver info: org.openqa.selenium.chrome.ChromeDriver
Capabilities {acceptInsecureCerts: false, browserName: chrome, browserVersion: 77.0.3865.90, chrome: {chromedriverVersion: 76.0.3809.68 (420c9498db8ce..., userDataDir: C:\Users\Admin\AppData\Loca...}, goog:chromeOptions: {debuggerAddress: localhost:55132}, javascriptEnabled: true, networkConnectionEnabled: false, pageLoadStrategy: normal, platform: XP, platformName: XP, proxy: Proxy(), setWindowRect: true, strictFileInteractability: false, timeouts: {implicit: 0, pageLoad: 300000, script: 30000}, unhandledPromptBehavior: dismiss and notify}
Session ID: 90c878e2941282e4a974146485b23835
*** Element info: {Using=id, value=search-courses}
</failure>
    <system-out><![CDATA[Cucumber
Feature: Login to QAClickAcademy

  Scenario Outline: Login successfully                  &amp#27;[90m# FinalProject.feature:3&amp#27;[0m
    &amp#27;[36mGiven &amp#27;[0m&amp#27;[36mOpen Chrome browser&amp#27;[0m
    &amp#27;[36mAnd &amp#27;[0m&amp#27;[36mGo to "http://www.qaclickacademy.com"&amp#27;[0m
    &amp#27;[36mAnd &amp#27;[0m&amp#27;[36mGo to Login page&amp#27;[0m
    &amp#27;[36mWhen &amp#27;[0m&amp#27;[36mInput username <user> and password <pass>&amp#27;[0m
    &amp#27;[36mAnd &amp#27;[0m&amp#27;[36mClick on Login button&amp#27;[0m
    &amp#27;[36mThen &amp#27;[0m&amp#27;[36mRedirect to Learning page and Verify Searchbox&amp#27;[0m
    &amp#27;[36mAnd &amp#27;[0m&amp#27;[36mClose browser&amp#27;[0m

    Examples: 

  Scenario Outline: Login successfully                       &amp#27;[90m# FinalProject.feature:14&amp#27;[0m
    &amp#27;[32mGiven &amp#27;[0m&amp#27;[32mOpen Chrome browser&amp#27;[0m                                &amp#27;[90m# StepDefinitions.open_chrome_browser()&amp#27;[0m
    &amp#27;[32mAnd &amp#27;[0m&amp#27;[32mGo to "&amp#27;[0m&amp#27;[32m&amp#27;[1mhttp://www.qaclickacademy.com&amp#27;[0m&amp#27;[32m"&amp#27;[0m                &amp#27;[90m# StepDefinitions.go_to_something(String)&amp#27;[0m
    &amp#27;[32mAnd &amp#27;[0m&amp#27;[32mGo to Login page&amp#27;[0m                                     &amp#27;[90m# StepDefinitions.go_to_login_page()&amp#27;[0m
    &amp#27;[32mWhen &amp#27;[0m&amp#27;[32mInput username &amp#27;[0m&amp#27;[32m&amp#27;[1mtest99@gmail.com&amp#27;[0m&amp#27;[32m and password &amp#27;[0m&amp#27;[32m&amp#27;[1m123456&amp#27;[0m &amp#27;[90m# StepDefinitions.input_username_and_password(String,String)&amp#27;[0m
    &amp#27;[32mAnd &amp#27;[0m&amp#27;[32mClick on Login button&amp#27;[0m                                &amp#27;[90m# StepDefinitions.click_on_login_button()&amp#27;[0m
    &amp#27;[32mThen &amp#27;[0m&amp#27;[32mRedirect to Learning page and Verify Searchbox&amp#27;[0m      &amp#27;[90m# StepDefinitions.redirect_to_learning_page_and_verify_searchbox()&amp#27;[0m
    &amp#27;[32mAnd &amp#27;[0m&amp#27;[32mClose browser&amp#27;[0m                                        &amp#27;[90m# StepDefinitions.close_browser()&amp#27;[0m

  Scenario Outline: Login successfully                      &amp#27;[90m# FinalProject.feature:15&amp#27;[0m
    &amp#27;[32mGiven &amp#27;[0m&amp#27;[32mOpen Chrome browser&amp#27;[0m                               &amp#27;[90m# StepDefinitions.open_chrome_browser()&amp#27;[0m
    &amp#27;[32mAnd &amp#27;[0m&amp#27;[32mGo to "&amp#27;[0m&amp#27;[32m&amp#27;[1mhttp://www.qaclickacademy.com&amp#27;[0m&amp#27;[32m"&amp#27;[0m               &amp#27;[90m# StepDefinitions.go_to_something(String)&amp#27;[0m
    &amp#27;[32mAnd &amp#27;[0m&amp#27;[32mGo to Login page&amp#27;[0m                                    &amp#27;[90m# StepDefinitions.go_to_login_page()&amp#27;[0m
    &amp#27;[32mWhen &amp#27;[0m&amp#27;[32mInput username &amp#27;[0m&amp#27;[32m&amp#27;[1mtst99@gmail.com&amp#27;[0m&amp#27;[32m and password &amp#27;[0m&amp#27;[32m&amp#27;[1m983456&amp#27;[0m &amp#27;[90m# StepDefinitions.input_username_and_password(String,String)&amp#27;[0m
    &amp#27;[32mAnd &amp#27;[0m&amp#27;[32mClick on Login button&amp#27;[0m                               &amp#27;[90m# StepDefinitions.click_on_login_button()&amp#27;[0m
    &amp#27;[31mThen &amp#27;[0m&amp#27;[31mRedirect to Learning page and Verify Searchbox&amp#27;[0m     &amp#27;[90m# StepDefinitions.redirect_to_learning_page_and_verify_searchbox()&amp#27;[0m
      &amp#27;[31morg.openqa.selenium.NoSuchElementException: no such element: Unable to locate element: {"method":"css selector","selector":"#search\-courses"}
        (Session info: chrome=77.0.3865.90)
      For documentation on this error, please visit: https://www.seleniumhq.org/exceptions/no_such_element.html
      Build info: version: '3.141.59', revision: 'e82be7d358', time: '2018-11-14T08:17:03'
      System info: host: 'DESKTOP-7UM9J9E', ip: '192.168.1.13', os.name: 'Windows 10', os.arch: 'amd64', os.version: '10.0', java.version: '11.0.4'
      Driver info: org.openqa.selenium.chrome.ChromeDriver
      Capabilities {acceptInsecureCerts: false, browserName: chrome, browserVersion: 77.0.3865.90, chrome: {chromedriverVersion: 76.0.3809.68 (420c9498db8ce..., userDataDir: C:\Users\Admin\AppData\Loca...}, goog:chromeOptions: {debuggerAddress: localhost:55132}, javascriptEnabled: true, networkConnectionEnabled: false, pageLoadStrategy: normal, platform: XP, platformName: XP, proxy: Proxy(), setWindowRect: true, strictFileInteractability: false, timeouts: {implicit: 0, pageLoad: 300000, script: 30000}, unhandledPromptBehavior: dismiss and notify}
      Session ID: 90c878e2941282e4a974146485b23835
      *** Element info: {Using=id, value=search-courses}
      	at java.base/jdk.internal.reflect.NativeConstructorAccessorImpl.newInstance0(Native Method)
      	at java.base/jdk.internal.reflect.NativeConstructorAccessorImpl.newInstance(NativeConstructorAccessorImpl.java:62)
      	at java.base/jdk.internal.reflect.DelegatingConstructorAccessorImpl.newInstance(DelegatingConstructorAccessorImpl.java:45)
      	at java.base/java.lang.reflect.Constructor.newInstance(Constructor.java:490)
      	at org.openqa.selenium.remote.http.W3CHttpResponseCodec.createException(W3CHttpResponseCodec.java:187)
      	at org.openqa.selenium.remote.http.W3CHttpResponseCodec.decode(W3CHttpResponseCodec.java:122)
      	at org.openqa.selenium.remote.http.W3CHttpResponseCodec.decode(W3CHttpResponseCodec.java:49)
      	at org.openqa.selenium.remote.HttpCommandExecutor.execute(HttpCommandExecutor.java:158)
      	at org.openqa.selenium.remote.service.DriverCommandExecutor.execute(DriverCommandExecutor.java:83)
      	at org.openqa.selenium.remote.RemoteWebDriver.execute(RemoteWebDriver.java:552)
      	at org.openqa.selenium.remote.RemoteWebDriver.findElement(RemoteWebDriver.java:323)
      	at org.openqa.selenium.remote.RemoteWebDriver.findElementById(RemoteWebDriver.java:372)
      	at org.openqa.selenium.By$ById.findElement(By.java:188)
      	at org.openqa.selenium.remote.RemoteWebDriver.findElement(RemoteWebDriver.java:315)
      	at PageObject.LearningPage.getSearchBox(LearningPage.java:18)
      	at StepDefinition.StepDefinitions.redirect_to_learning_page_and_verify_searchbox(StepDefinitions.java:68)
      	at ?.Then Redirect to Learning page and Verify Searchbox(FinalProject.feature:9)
      &amp#27;[0m
    &amp#27;[36mAnd &amp#27;[0m&amp#27;[36mClose browser&amp#27;[0m                                       &amp#27;[90m# StepDefinitions.close_browser()&amp#27;[0m
]]></system-out>
    <system-err><![CDATA[Starting ChromeDriver 76.0.3809.68 (420c9498db8ce8fcd190a954d51297672c1515d5-refs/branch-heads/3809@{#864}) on port 24071
Only local connections are allowed.
Please protect ports used by ChromeDriver and related test frameworks to prevent access by malicious code.
[1569992140.944][WARNING]: This version of ChromeDriver has not been tested with Chrome version 77.
[1569992142.958][WARNING]: Timed out connecting to Chrome, retrying...
Oct 02, 2019 11:55:45 AM org.openqa.selenium.remote.ProtocolHandshake createSession
INFO: Detected dialect: W3C
Starting ChromeDriver 76.0.3809.68 (420c9498db8ce8fcd190a954d51297672c1515d5-refs/branch-heads/3809@{#864}) on port 35246
Only local connections are allowed.
Please protect ports used by ChromeDriver and related test frameworks to prevent access by malicious code.
[1569992164.795][WARNING]: This version of ChromeDriver has not been tested with Chrome version 77.
[1569992166.805][WARNING]: Timed out connecting to Chrome, retrying...
Oct 02, 2019 11:56:08 AM org.openqa.selenium.remote.ProtocolHandshake createSession
INFO: Detected dialect: W3C
]]></system-err>
  </testcase>
</testsuite>